# JRE version: OpenJDK Runtime Environment (17.0.6) (build 17.0.6+0-b2043.56-9586694)
# Java VM: OpenJDK 64-Bit Server VM (17.0.6+0-b2043.56-9586694, mixed mode, tiered, compressed oops, compressed class ptrs, g1 gc, windows-amd64)
GC Precious Log:
 CPUs: 4 total, 4 available
 Memory: 3971M
 Large Page Support: Disabled
 NUMA Support: Disabled
 Compressed Oops: Enabled (32-bit)
 Heap Region Size: 1M
 Heap Min Capacity: 8M
 Heap Initial Capacity: 64M
 Heap Max Capacity: 2G
 Pre-touch: Disabled
 Parallel Workers: 4
 Concurrent Workers: 1
 Concurrent Refinement Workers: 4
 Periodic GC: Disabled
Heap:
 garbage-first heap   total 365568K, used 180718K [0x0000000080000000, 0x0000000100000000)
  region size 1024K, 6 young (6144K), 6 survivors (6144K)
 Metaspace       used 97976K, committed 98752K, reserved 1138688K
  class space    used 13329K, committed 13696K, reserved 1048576K
GC Heap History (20 events):
Event: 21.806 GC heap after
{Heap after GC invocations=39 (full 0):
 garbage-first heap   total 106496K, used 62367K [0x0000000080000000, 0x0000000100000000)
  region size 1024K, 4 young (4096K), 4 survivors (4096K)
 Metaspace       used 73623K, committed 74240K, reserved 1114112K
  class space    used 9935K, committed 10240K, reserved 1048576K
}
Event: 22.200 GC heap before
{Heap before GC invocations=40 (full 0):
 garbage-first heap   total 128000K, used 84895K [0x0000000080000000, 0x0000000100000000)
  region size 1024K, 26 young (26624K), 4 survivors (4096K)
 Metaspace       used 74236K, committed 74816K, reserved 1114112K
  class space    used 10048K, committed 10304K, reserved 1048576K
}
Event: 22.214 GC heap after
{Heap after GC invocations=41 (full 0):
 garbage-first heap   total 128000K, used 64041K [0x0000000080000000, 0x0000000100000000)
  region size 1024K, 2 young (2048K), 2 survivors (2048K)
 Metaspace       used 74236K, committed 74816K, reserved 1114112K
  class space    used 10048K, committed 10304K, reserved 1048576K
}
Event: 23.314 GC heap before
{Heap before GC invocations=41 (full 0):
 garbage-first heap   total 128000K, used 103977K [0x0000000080000000, 0x0000000100000000)
  region size 1024K, 41 young (41984K), 2 survivors (2048K)
 Metaspace       used 77479K, committed 78080K, reserved 1122304K
  class space    used 10525K, committed 10816K, reserved 1048576K
}
Event: 23.327 GC heap after
{Heap after GC invocations=42 (full 0):
 garbage-first heap   total 251904K, used 67089K [0x0000000080000000, 0x0000000100000000)
  region size 1024K, 5 young (5120K), 5 survivors (5120K)
 Metaspace       used 77479K, committed 78080K, reserved 1122304K
  class space    used 10525K, committed 10816K, reserved 1048576K
}
Event: 26.531 GC heap before
{Heap before GC invocations=43 (full 0):
 garbage-first heap   total 245760K, used 208401K [0x0000000080000000, 0x0000000100000000)
  region size 1024K, 144 young (147456K), 5 survivors (5120K)
 Metaspace       used 85099K, committed 85696K, reserved 1130496K
  class space    used 11683K, committed 11968K, reserved 1048576K
}
Event: 26.568 GC heap after
{Heap after GC invocations=44 (full 0):
 garbage-first heap   total 245760K, used 82685K [0x0000000080000000, 0x0000000100000000)
  region size 1024K, 18 young (18432K), 18 survivors (18432K)
 Metaspace       used 85099K, committed 85696K, reserved 1130496K
  class space    used 11683K, committed 11968K, reserved 1048576K
}
Event: 26.592 GC heap before
{Heap before GC invocations=44 (full 0):
 garbage-first heap   total 245760K, used 83709K [0x0000000080000000, 0x0000000100000000)
  region size 1024K, 19 young (19456K), 18 survivors (18432K)
 Metaspace       used 85100K, committed 85696K, reserved 1130496K
  class space    used 11683K, committed 11968K, reserved 1048576K
}
Event: 26.623 GC heap after
{Heap after GC invocations=45 (full 0):
 garbage-first heap   total 245760K, used 84696K [0x0000000080000000, 0x0000000100000000)
  region size 1024K, 2 young (2048K), 2 survivors (2048K)
 Metaspace       used 85100K, committed 85696K, reserved 1130496K
  class space    used 11683K, committed 11968K, reserved 1048576K
}
Event: 28.612 GC heap before
{Heap before GC invocations=45 (full 0):
 garbage-first heap   total 245760K, used 174808K [0x0000000080000000, 0x0000000100000000)
  region size 1024K, 91 young (93184K), 2 survivors (2048K)
 Metaspace       used 86045K, committed 86720K, reserved 1130496K
  class space    used 11759K, committed 12032K, reserved 1048576K
}
Event: 28.625 GC heap after
{Heap after GC invocations=46 (full 0):
 garbage-first heap   total 245760K, used 89539K [0x0000000080000000, 0x0000000100000000)
  region size 1024K, 7 young (7168K), 7 survivors (7168K)
 Metaspace       used 86045K, committed 86720K, reserved 1130496K
  class space    used 11759K, committed 12032K, reserved 1048576K
}
Event: 30.308 GC heap before
{Heap before GC invocations=46 (full 0):
 garbage-first heap   total 245760K, used 182723K [0x0000000080000000, 0x0000000100000000)
  region size 1024K, 99 young (101376K), 7 survivors (7168K)
 Metaspace       used 90279K, committed 91008K, reserved 1130496K
  class space    used 12288K, committed 12608K, reserved 1048576K
}
Event: 30.335 GC heap after
{Heap after GC invocations=47 (full 0):
 garbage-first heap   total 245760K, used 95223K [0x0000000080000000, 0x0000000100000000)
  region size 1024K, 13 young (13312K), 13 survivors (13312K)
 Metaspace       used 90279K, committed 91008K, reserved 1130496K
  class space    used 12288K, committed 12608K, reserved 1048576K
}
Event: 31.467 GC heap before
{Heap before GC invocations=47 (full 0):
 garbage-first heap   total 245760K, used 189431K [0x0000000080000000, 0x0000000100000000)
  region size 1024K, 106 young (108544K), 13 survivors (13312K)
 Metaspace       used 92858K, committed 93568K, reserved 1130496K
  class space    used 12619K, committed 12928K, reserved 1048576K
}
Event: 31.498 GC heap after
{Heap after GC invocations=48 (full 0):
 garbage-first heap   total 245760K, used 104255K [0x0000000080000000, 0x0000000100000000)
  region size 1024K, 14 young (14336K), 14 survivors (14336K)
 Metaspace       used 92858K, committed 93568K, reserved 1130496K
  class space    used 12619K, committed 12928K, reserved 1048576K
}
Event: 32.830 GC heap before
{Heap before GC invocations=48 (full 0):
 garbage-first heap   total 245760K, used 213823K [0x0000000080000000, 0x0000000100000000)
  region size 1024K, 103 young (105472K), 14 survivors (14336K)
 Metaspace       used 95473K, committed 96192K, reserved 1138688K
  class space    used 12964K, committed 13312K, reserved 1048576K
}
Event: 32.865 GC heap after
{Heap after GC invocations=49 (full 0):
 garbage-first heap   total 247808K, used 141591K [0x0000000080000000, 0x0000000100000000)
  region size 1024K, 13 young (13312K), 13 survivors (13312K)
 Metaspace       used 95473K, committed 96192K, reserved 1138688K
  class space    used 12964K, committed 13312K, reserved 1048576K
}
Event: 33.343 GC heap before
{Heap before GC invocations=49 (full 0):
 garbage-first heap   total 247808K, used 210199K [0x0000000080000000, 0x0000000100000000)
  region size 1024K, 52 young (53248K), 13 survivors (13312K)
 Metaspace       used 97103K, committed 97856K, reserved 1138688K
  class space    used 13196K, committed 13568K, reserved 1048576K
}
Event: 33.360 GC heap after
{Heap after GC invocations=50 (full 0):
 garbage-first heap   total 247808K, used 168960K [0x0000000080000000, 0x0000000100000000)
  region size 1024K, 9 young (9216K), 9 survivors (9216K)
 Metaspace       used 97103K, committed 97856K, reserved 1138688K
  class space    used 13196K, committed 13568K, reserved 1048576K
}
Event: 33.872 GC heap before
{Heap before GC invocations=50 (full 0):
 garbage-first heap   total 365568K, used 222208K [0x0000000080000000, 0x0000000100000000)
  region size 1024K, 44 young (45056K), 9 survivors (9216K)
 Metaspace       used 97976K, committed 98752K, reserved 1138688K
  class space    used 13329K, committed 13696K, reserved 1048576K
}

