# JRE version: OpenJDK Runtime Environment (17.0.6) (build 17.0.6+0-b2043.56-9586694)
# Java VM: OpenJDK 64-Bit Server VM (17.0.6+0-b2043.56-9586694, mixed mode, tiered, compressed oops, compressed class ptrs, g1 gc, windows-amd64)
GC Precious Log:
 CPUs: 4 total, 4 available
 Memory: 3971M
 Large Page Support: Disabled
 NUMA Support: Disabled
 Compressed Oops: Enabled (32-bit)
 Heap Region Size: 1M
 Heap Min Capacity: 8M
 Heap Initial Capacity: 64M
 Heap Max Capacity: 2G
 Pre-touch: Disabled
 Parallel Workers: 4
 Concurrent Workers: 1
 Concurrent Refinement Workers: 4
 Periodic GC: Disabled
Heap:
 garbage-first heap   total 467968K, used 133099K [0x0000000080000000, 0x0000000100000000)
  region size 1024K, 18 young (18432K), 3 survivors (3072K)
 Metaspace       used 124101K, committed 124928K, reserved 1163264K
  class space    used 16619K, committed 17024K, reserved 1048576K
GC Heap History (20 events):
Event: 2977.225 GC heap before
{Heap before GC invocations=51 (full 0):
 garbage-first heap   total 229376K, used 167936K [0x0000000080000000, 0x0000000100000000)
  region size 1024K, 48 young (49152K), 10 survivors (10240K)
 Metaspace       used 121348K, committed 122112K, reserved 1155072K
  class space    used 16558K, committed 16896K, reserved 1048576K
}
Event: 2977.339 GC heap after
{Heap after GC invocations=52 (full 0):
 garbage-first heap   total 229376K, used 139669K [0x0000000080000000, 0x0000000100000000)
  region size 1024K, 6 young (6144K), 6 survivors (6144K)
 Metaspace       used 121348K, committed 122112K, reserved 1155072K
  class space    used 16558K, committed 16896K, reserved 1048576K
}
Event: 2978.988 GC heap before
{Heap before GC invocations=53 (full 0):
 garbage-first heap   total 234496K, used 167317K [0x0000000080000000, 0x0000000100000000)
  region size 1024K, 34 young (34816K), 6 survivors (6144K)
 Metaspace       used 121385K, committed 122240K, reserved 1155072K
  class space    used 16503K, committed 16896K, reserved 1048576K
}
Event: 2979.021 GC heap after
{Heap after GC invocations=54 (full 0):
 garbage-first heap   total 234496K, used 143639K [0x0000000080000000, 0x0000000100000000)
  region size 1024K, 4 young (4096K), 4 survivors (4096K)
 Metaspace       used 121385K, committed 122240K, reserved 1155072K
  class space    used 16503K, committed 16896K, reserved 1048576K
}
Event: 2979.322 GC heap before
{Heap before GC invocations=54 (full 0):
 garbage-first heap   total 234496K, used 149783K [0x0000000080000000, 0x0000000100000000)
  region size 1024K, 11 young (11264K), 4 survivors (4096K)
 Metaspace       used 121442K, committed 122240K, reserved 1155072K
  class space    used 16504K, committed 16896K, reserved 1048576K
}
Event: 2979.453 GC heap after
{Heap after GC invocations=55 (full 0):
 garbage-first heap   total 234496K, used 134160K [0x0000000080000000, 0x0000000100000000)
  region size 1024K, 2 young (2048K), 2 survivors (2048K)
 Metaspace       used 121442K, committed 122240K, reserved 1155072K
  class space    used 16504K, committed 16896K, reserved 1048576K
}
Event: 2979.733 GC heap before
{Heap before GC invocations=55 (full 0):
 garbage-first heap   total 234496K, used 143376K [0x0000000080000000, 0x0000000100000000)
  region size 1024K, 11 young (11264K), 2 survivors (2048K)
 Metaspace       used 121469K, committed 122240K, reserved 1155072K
  class space    used 16507K, committed 16896K, reserved 1048576K
}
Event: 2979.781 GC heap after
{Heap after GC invocations=56 (full 0):
 garbage-first heap   total 520192K, used 130467K [0x0000000080000000, 0x0000000100000000)
  region size 1024K, 1 young (1024K), 1 survivors (1024K)
 Metaspace       used 121469K, committed 122240K, reserved 1155072K
  class space    used 16507K, committed 16896K, reserved 1048576K
}
Event: 2982.815 GC heap before
{Heap before GC invocations=56 (full 0):
 garbage-first heap   total 520192K, used 188835K [0x0000000080000000, 0x0000000100000000)
  region size 1024K, 60 young (61440K), 1 survivors (1024K)
 Metaspace       used 122674K, committed 123456K, reserved 1163264K
  class space    used 16528K, committed 16896K, reserved 1048576K
}
Event: 2982.829 GC heap after
{Heap after GC invocations=57 (full 0):
 garbage-first heap   total 520192K, used 131794K [0x0000000080000000, 0x0000000100000000)
  region size 1024K, 3 young (3072K), 3 survivors (3072K)
 Metaspace       used 122674K, committed 123456K, reserved 1163264K
  class space    used 16528K, committed 16896K, reserved 1048576K
}
Event: 3229.817 GC heap before
{Heap before GC invocations=58 (full 0):
 garbage-first heap   total 520192K, used 357074K [0x0000000080000000, 0x0000000100000000)
  region size 1024K, 180 young (184320K), 3 survivors (3072K)
 Metaspace       used 123494K, committed 124224K, reserved 1163264K
  class space    used 16569K, committed 16896K, reserved 1048576K
}
Event: 3229.923 GC heap after
{Heap after GC invocations=59 (full 0):
 garbage-first heap   total 520192K, used 133520K [0x0000000080000000, 0x0000000100000000)
  region size 1024K, 4 young (4096K), 4 survivors (4096K)
 Metaspace       used 123494K, committed 124224K, reserved 1163264K
  class space    used 16569K, committed 16896K, reserved 1048576K
}
Event: 3231.020 GC heap before
{Heap before GC invocations=59 (full 0):
 garbage-first heap   total 520192K, used 154000K [0x0000000080000000, 0x0000000100000000)
  region size 1024K, 25 young (25600K), 4 survivors (4096K)
 Metaspace       used 123609K, committed 124352K, reserved 1163264K
  class space    used 16575K, committed 16896K, reserved 1048576K
}
Event: 3231.057 GC heap after
{Heap after GC invocations=60 (full 0):
 garbage-first heap   total 520192K, used 123203K [0x0000000080000000, 0x0000000100000000)
  region size 1024K, 3 young (3072K), 3 survivors (3072K)
 Metaspace       used 123609K, committed 124352K, reserved 1163264K
  class space    used 16575K, committed 16896K, reserved 1048576K
}
Event: 3233.038 GC heap before
{Heap before GC invocations=60 (full 0):
 garbage-first heap   total 520192K, used 178499K [0x0000000080000000, 0x0000000100000000)
  region size 1024K, 58 young (59392K), 3 survivors (3072K)
 Metaspace       used 123858K, committed 124672K, reserved 1163264K
  class space    used 16612K, committed 16960K, reserved 1048576K
}
Event: 3233.083 GC heap after
{Heap after GC invocations=61 (full 0):
 garbage-first heap   total 520192K, used 132926K [0x0000000080000000, 0x0000000100000000)
  region size 1024K, 12 young (12288K), 12 survivors (12288K)
 Metaspace       used 123858K, committed 124672K, reserved 1163264K
  class space    used 16612K, committed 16960K, reserved 1048576K
}
Event: 3343.133 GC heap before
{Heap before GC invocations=62 (full 0):
 garbage-first heap   total 467968K, used 236350K [0x0000000080000000, 0x0000000100000000)
  region size 1024K, 97 young (99328K), 12 survivors (12288K)
 Metaspace       used 124070K, committed 124928K, reserved 1163264K
  class space    used 16618K, committed 17024K, reserved 1048576K
}
Event: 3343.275 GC heap after
{Heap after GC invocations=63 (full 0):
 garbage-first heap   total 467968K, used 126243K [0x0000000080000000, 0x0000000100000000)
  region size 1024K, 4 young (4096K), 4 survivors (4096K)
 Metaspace       used 124070K, committed 124928K, reserved 1163264K
  class space    used 16618K, committed 17024K, reserved 1048576K
}
Event: 3771.653 GC heap before
{Heap before GC invocations=63 (full 0):
 garbage-first heap   total 467968K, used 144675K [0x0000000080000000, 0x0000000100000000)
  region size 1024K, 22 young (22528K), 4 survivors (4096K)
 Metaspace       used 124090K, committed 124928K, reserved 1163264K
  class space    used 16618K, committed 17024K, reserved 1048576K
}
Event: 3771.789 GC heap after
{Heap after GC invocations=64 (full 0):
 garbage-first heap   total 467968K, used 118763K [0x0000000080000000, 0x0000000100000000)
  region size 1024K, 3 young (3072K), 3 survivors (3072K)
 Metaspace       used 124090K, committed 124928K, reserved 1163264K
  class space    used 16618K, committed 17024K, reserved 1048576K
}

