# JRE version: OpenJDK Runtime Environment (17.0.6) (build 17.0.6+0-b2043.56-9586694)
# Java VM: OpenJDK 64-Bit Server VM (17.0.6+0-b2043.56-9586694, mixed mode, tiered, compressed oops, compressed class ptrs, g1 gc, windows-amd64)
GC Precious Log:
 CPUs: 4 total, 4 available
 Memory: 3971M
 Large Page Support: Disabled
 NUMA Support: Disabled
 Compressed Oops: Enabled (32-bit)
 Heap Region Size: 1M
 Heap Min Capacity: 8M
 Heap Initial Capacity: 64M
 Heap Max Capacity: 2G
 Pre-touch: Disabled
 Parallel Workers: 4
 Concurrent Workers: 1
 Concurrent Refinement Workers: 4
 Periodic GC: Disabled
Heap:
 garbage-first heap   total 403456K, used 300368K [0x0000000080000000, 0x0000000100000000)
  region size 1024K, 44 young (45056K), 9 survivors (9216K)
 Metaspace       used 136141K, committed 137216K, reserved 1171456K
  class space    used 17975K, committed 18496K, reserved 1048576K
GC Heap History (20 events):
Event: 182.188 GC heap before
{Heap before GC invocations=51 (full 0):
 garbage-first heap   total 403456K, used 213349K [0x0000000080000000, 0x0000000100000000)
  region size 1024K, 20 young (20480K), 19 survivors (19456K)
 Metaspace       used 129130K, committed 130240K, reserved 1163264K
  class space    used 17330K, committed 17856K, reserved 1048576K
}
Event: 182.336 GC heap after
{Heap after GC invocations=52 (full 0):
 garbage-first heap   total 403456K, used 186688K [0x0000000080000000, 0x0000000100000000)
  region size 1024K, 2 young (2048K), 2 survivors (2048K)
 Metaspace       used 129130K, committed 130240K, reserved 1163264K
  class space    used 17330K, committed 17856K, reserved 1048576K
}
Event: 185.787 GC heap before
{Heap before GC invocations=52 (full 0):
 garbage-first heap   total 403456K, used 254272K [0x0000000080000000, 0x0000000100000000)
  region size 1024K, 61 young (62464K), 2 survivors (2048K)
 Metaspace       used 129536K, committed 130624K, reserved 1163264K
  class space    used 17356K, committed 17856K, reserved 1048576K
}
Event: 185.828 GC heap after
{Heap after GC invocations=53 (full 0):
 garbage-first heap   total 403456K, used 198976K [0x0000000080000000, 0x0000000100000000)
  region size 1024K, 8 young (8192K), 8 survivors (8192K)
 Metaspace       used 129536K, committed 130624K, reserved 1163264K
  class space    used 17356K, committed 17856K, reserved 1048576K
}
Event: 187.212 GC heap before
{Heap before GC invocations=53 (full 0):
 garbage-first heap   total 403456K, used 240960K [0x0000000080000000, 0x0000000100000000)
  region size 1024K, 49 young (50176K), 8 survivors (8192K)
 Metaspace       used 129644K, committed 130688K, reserved 1163264K
  class space    used 17366K, committed 17856K, reserved 1048576K
}
Event: 187.249 GC heap after
{Heap after GC invocations=54 (full 0):
 garbage-first heap   total 403456K, used 206656K [0x0000000080000000, 0x0000000100000000)
  region size 1024K, 7 young (7168K), 7 survivors (7168K)
 Metaspace       used 129644K, committed 130688K, reserved 1163264K
  class space    used 17366K, committed 17856K, reserved 1048576K
}
Event: 187.900 GC heap before
{Heap before GC invocations=54 (full 0):
 garbage-first heap   total 403456K, used 279360K [0x0000000080000000, 0x0000000100000000)
  region size 1024K, 49 young (50176K), 7 survivors (7168K)
 Metaspace       used 129894K, committed 131008K, reserved 1163264K
  class space    used 17387K, committed 17920K, reserved 1048576K
}
Event: 187.946 GC heap after
{Heap after GC invocations=55 (full 0):
 garbage-first heap   total 403456K, used 218779K [0x0000000080000000, 0x0000000100000000)
  region size 1024K, 7 young (7168K), 7 survivors (7168K)
 Metaspace       used 129894K, committed 131008K, reserved 1163264K
  class space    used 17387K, committed 17920K, reserved 1048576K
}
Event: 188.935 GC heap before
{Heap before GC invocations=55 (full 0):
 garbage-first heap   total 403456K, used 280219K [0x0000000080000000, 0x0000000100000000)
  region size 1024K, 68 young (69632K), 7 survivors (7168K)
 Metaspace       used 132729K, committed 133824K, reserved 1171456K
  class space    used 17639K, committed 18112K, reserved 1048576K
}
Event: 188.963 GC heap after
{Heap after GC invocations=56 (full 0):
 garbage-first heap   total 403456K, used 229184K [0x0000000080000000, 0x0000000100000000)
  region size 1024K, 9 young (9216K), 9 survivors (9216K)
 Metaspace       used 132729K, committed 133824K, reserved 1171456K
  class space    used 17639K, committed 18112K, reserved 1048576K
}
Event: 190.415 GC heap before
{Heap before GC invocations=56 (full 0):
 garbage-first heap   total 403456K, used 298816K [0x0000000080000000, 0x0000000100000000)
  region size 1024K, 77 young (78848K), 9 survivors (9216K)
 Metaspace       used 133626K, committed 134720K, reserved 1171456K
  class space    used 17701K, committed 18176K, reserved 1048576K
}
Event: 190.446 GC heap after
{Heap after GC invocations=57 (full 0):
 garbage-first heap   total 403456K, used 239837K [0x0000000080000000, 0x0000000100000000)
  region size 1024K, 10 young (10240K), 10 survivors (10240K)
 Metaspace       used 133626K, committed 134720K, reserved 1171456K
  class space    used 17701K, committed 18176K, reserved 1048576K
}
Event: 191.561 GC heap before
{Heap before GC invocations=57 (full 0):
 garbage-first heap   total 403456K, used 307421K [0x0000000080000000, 0x0000000100000000)
  region size 1024K, 76 young (77824K), 10 survivors (10240K)
 Metaspace       used 133750K, committed 134784K, reserved 1171456K
  class space    used 17701K, committed 18176K, reserved 1048576K
}
Event: 191.574 GC heap after
{Heap after GC invocations=58 (full 0):
 garbage-first heap   total 403456K, used 235664K [0x0000000080000000, 0x0000000100000000)
  region size 1024K, 2 young (2048K), 2 survivors (2048K)
 Metaspace       used 133750K, committed 134784K, reserved 1171456K
  class space    used 17701K, committed 18176K, reserved 1048576K
}
Event: 193.156 GC heap before
{Heap before GC invocations=58 (full 0):
 garbage-first heap   total 403456K, used 311440K [0x0000000080000000, 0x0000000100000000)
  region size 1024K, 77 young (78848K), 2 survivors (2048K)
 Metaspace       used 134262K, committed 135296K, reserved 1171456K
  class space    used 17743K, committed 18240K, reserved 1048576K
}
Event: 193.163 GC heap after
{Heap after GC invocations=59 (full 0):
 garbage-first heap   total 403456K, used 234908K [0x0000000080000000, 0x0000000100000000)
  region size 1024K, 1 young (1024K), 1 survivors (1024K)
 Metaspace       used 134262K, committed 135296K, reserved 1171456K
  class space    used 17743K, committed 18240K, reserved 1048576K
}
Event: 196.012 GC heap before
{Heap before GC invocations=59 (full 0):
 garbage-first heap   total 403456K, used 317852K [0x0000000080000000, 0x0000000100000000)
  region size 1024K, 83 young (84992K), 1 survivors (1024K)
 Metaspace       used 136046K, committed 137088K, reserved 1171456K
  class space    used 17969K, committed 18432K, reserved 1048576K
}
Event: 196.030 GC heap after
{Heap after GC invocations=60 (full 0):
 garbage-first heap   total 403456K, used 241748K [0x0000000080000000, 0x0000000100000000)
  region size 1024K, 8 young (8192K), 8 survivors (8192K)
 Metaspace       used 136046K, committed 137088K, reserved 1171456K
  class space    used 17969K, committed 18432K, reserved 1048576K
}
Event: 196.572 GC heap before
{Heap before GC invocations=60 (full 0):
 garbage-first heap   total 403456K, used 271444K [0x0000000080000000, 0x0000000100000000)
  region size 1024K, 26 young (26624K), 8 survivors (8192K)
 Metaspace       used 136062K, committed 137152K, reserved 1171456K
  class space    used 17970K, committed 18496K, reserved 1048576K
}
Event: 196.595 GC heap after
{Heap after GC invocations=61 (full 0):
 garbage-first heap   total 403456K, used 263504K [0x0000000080000000, 0x0000000100000000)
  region size 1024K, 9 young (9216K), 9 survivors (9216K)
 Metaspace       used 136062K, committed 137152K, reserved 1171456K
  class space    used 17970K, committed 18496K, reserved 1048576K
}

